{
    "meta": {
        "version": "7.2.2",
        "timestamp": "2023-08-11T16:38:52.261211",
        "branch_coverage": true,
        "show_contexts": false
    },
    "files": {
        "src\\CalSciPy\\__init__.py": {
            "executed_lines": [
                1,
                15,
                17,
                18,
                19,
                20
            ],
            "summary": {
                "covered_lines": 6,
                "num_statements": 6,
                "percent_covered": 100.0,
                "percent_covered_display": "100",
                "missing_lines": 0,
                "excluded_lines": 0,
                "num_branches": 0,
                "num_partial_branches": 0,
                "covered_branches": 0,
                "missing_branches": 0
            },
            "missing_lines": [],
            "excluded_lines": [],
            "executed_branches": [],
            "missing_branches": []
        },
        "src\\CalSciPy\\bruker\\__init__.py": {
            "executed_lines": [
                1,
                7
            ],
            "summary": {
                "covered_lines": 2,
                "num_statements": 2,
                "percent_covered": 100.0,
                "percent_covered_display": "100",
                "missing_lines": 0,
                "excluded_lines": 0,
                "num_branches": 0,
                "num_partial_branches": 0,
                "covered_branches": 0,
                "missing_branches": 0
            },
            "missing_lines": [],
            "excluded_lines": [],
            "executed_branches": [],
            "missing_branches": []
        },
        "src\\CalSciPy\\bruker\\constants.py": {
            "executed_lines": [
                1,
                2,
                3,
                4,
                5,
                8,
                11,
                13,
                15,
                17,
                20,
                30,
                31,
                33,
                34,
                36,
                39,
                47,
                48,
                50,
                53,
                63,
                64,
                66,
                67,
                69,
                72,
                73,
                74,
                79,
                82,
                85,
                91,
                98,
                101,
                104,
                107,
                110,
                113,
                118
            ],
            "summary": {
                "covered_lines": 39,
                "num_statements": 39,
                "percent_covered": 92.98245614035088,
                "percent_covered_display": "93",
                "missing_lines": 0,
                "excluded_lines": 0,
                "num_branches": 18,
                "num_partial_branches": 4,
                "covered_branches": 14,
                "missing_branches": 4
            },
            "missing_lines": [],
            "excluded_lines": [],
            "executed_branches": [
                [
                    30,
                    31
                ],
                [
                    33,
                    34
                ],
                [
                    47,
                    48
                ],
                [
                    63,
                    64
                ],
                [
                    63,
                    66
                ],
                [
                    66,
                    67
                ],
                [
                    72,
                    73
                ],
                [
                    72,
                    74
                ],
                [
                    91,
                    -91
                ],
                [
                    91,
                    91
                ],
                [
                    91,
                    98
                ],
                [
                    113,
                    -113
                ],
                [
                    113,
                    113
                ],
                [
                    113,
                    118
                ],
                [
                    118,
                    -118
                ],
                [
                    118,
                    -72
                ],
                [
                    118,
                    118
                ]
            ],
            "missing_branches": [
                [
                    30,
                    33
                ],
                [
                    33,
                    36
                ],
                [
                    47,
                    50
                ],
                [
                    66,
                    69
                ]
            ]
        },
        "src\\CalSciPy\\bruker\\data.py": {
            "executed_lines": [
                1,
                2,
                3,
                4,
                5,
                6,
                8,
                9,
                10,
                11,
                13,
                14,
                16,
                17,
                18,
                19,
                20,
                23,
                26,
                31,
                63,
                64,
                77,
                79,
                80,
                82,
                83,
                85,
                86,
                87,
                88,
                90,
                92,
                94,
                96,
                97,
                99,
                101,
                104,
                105,
                107,
                109,
                111,
                112,
                114,
                116,
                119,
                121,
                124,
                128,
                129,
                165,
                185,
                187,
                188,
                189,
                190,
                191,
                192,
                194,
                195,
                200,
                201,
                217,
                218,
                220,
                221,
                225,
                226,
                229,
                230,
                258,
                259,
                277,
                278,
                289,
                290,
                304,
                305,
                307,
                309,
                311,
                312,
                314,
                316,
                333,
                334,
                335,
                337,
                340,
                341,
                342,
                355,
                371,
                372,
                373,
                374,
                375,
                376,
                377,
                380,
                395,
                396,
                397,
                398,
                399,
                400,
                401,
                403,
                406,
                415,
                416,
                417
            ],
            "summary": {
                "covered_lines": 113,
                "num_statements": 169,
                "percent_covered": 63.111111111111114,
                "percent_covered_display": "63",
                "missing_lines": 56,
                "excluded_lines": 0,
                "num_branches": 56,
                "num_partial_branches": 5,
                "covered_branches": 29,
                "missing_branches": 27
            },
            "missing_lines": [
                46,
                49,
                50,
                52,
                53,
                54,
                55,
                57,
                58,
                60,
                136,
                137,
                147,
                149,
                151,
                152,
                154,
                156,
                158,
                160,
                162,
                186,
                193,
                196,
                197,
                222,
                223,
                246,
                247,
                250,
                251,
                253,
                255,
                267,
                268,
                269,
                270,
                271,
                272,
                274,
                286,
                318,
                319,
                320,
                321,
                323,
                324,
                325,
                326,
                328,
                329,
                331,
                349,
                350,
                351,
                352
            ],
            "excluded_lines": [],
            "executed_branches": [
                [
                    77,
                    -77
                ],
                [
                    77,
                    77
                ],
                [
                    77,
                    79
                ],
                [
                    83,
                    -83
                ],
                [
                    83,
                    -82
                ],
                [
                    83,
                    83
                ],
                [
                    86,
                    -86
                ],
                [
                    86,
                    86
                ],
                [
                    86,
                    87
                ],
                [
                    87,
                    -87
                ],
                [
                    87,
                    87
                ],
                [
                    87,
                    88
                ],
                [
                    96,
                    97
                ],
                [
                    96,
                    99
                ],
                [
                    104,
                    105
                ],
                [
                    104,
                    107
                ],
                [
                    111,
                    112
                ],
                [
                    111,
                    114
                ],
                [
                    185,
                    187
                ],
                [
                    187,
                    188
                ],
                [
                    187,
                    189
                ],
                [
                    189,
                    -165
                ],
                [
                    189,
                    190
                ],
                [
                    190,
                    191
                ],
                [
                    190,
                    192
                ],
                [
                    192,
                    194
                ],
                [
                    194,
                    195
                ],
                [
                    221,
                    225
                ],
                [
                    316,
                    333
                ],
                [
                    333,
                    -333
                ],
                [
                    333,
                    333
                ],
                [
                    333,
                    334
                ],
                [
                    375,
                    -375
                ],
                [
                    375,
                    375
                ],
                [
                    375,
                    376
                ]
            ],
            "missing_branches": [
                [
                    52,
                    53
                ],
                [
                    52,
                    60
                ],
                [
                    149,
                    -149
                ],
                [
                    149,
                    151
                ],
                [
                    151,
                    -151
                ],
                [
                    151,
                    152
                ],
                [
                    185,
                    186
                ],
                [
                    192,
                    193
                ],
                [
                    194,
                    196
                ],
                [
                    196,
                    189
                ],
                [
                    196,
                    197
                ],
                [
                    221,
                    222
                ],
                [
                    222,
                    223
                ],
                [
                    222,
                    226
                ],
                [
                    250,
                    251
                ],
                [
                    250,
                    253
                ],
                [
                    267,
                    268
                ],
                [
                    267,
                    269
                ],
                [
                    269,
                    270
                ],
                [
                    269,
                    274
                ],
                [
                    270,
                    -270
                ],
                [
                    270,
                    271
                ],
                [
                    316,
                    318
                ],
                [
                    323,
                    324
                ],
                [
                    323,
                    337
                ],
                [
                    325,
                    326
                ],
                [
                    325,
                    328
                ]
            ]
        },
        "src\\CalSciPy\\bruker\\factories.py": {
            "executed_lines": [
                1,
                2,
                3,
                4,
                5,
                6,
                8,
                9,
                10,
                13,
                14,
                17,
                22,
                23,
                28,
                36,
                37,
                53,
                54,
                65,
                66,
                75,
                76,
                86,
                100,
                108,
                125,
                126,
                131,
                139,
                140,
                151,
                152,
                165,
                166,
                169,
                170,
                181,
                182,
                197,
                198,
                207,
                208,
                238,
                239,
                266,
                267,
                279,
                280,
                290,
                291,
                302,
                303,
                312,
                332,
                353,
                362,
                375,
                394,
                404
            ],
            "summary": {
                "covered_lines": 58,
                "num_statements": 204,
                "percent_covered": 20.350877192982455,
                "percent_covered_display": "20",
                "missing_lines": 146,
                "excluded_lines": 0,
                "num_branches": 81,
                "num_partial_branches": 0,
                "covered_branches": 0,
                "missing_branches": 81
            },
            "missing_lines": [
                34,
                44,
                45,
                46,
                47,
                48,
                50,
                51,
                62,
                72,
                73,
                84,
                93,
                94,
                95,
                96,
                98,
                106,
                114,
                115,
                116,
                117,
                118,
                120,
                122,
                137,
                147,
                148,
                149,
                154,
                155,
                156,
                157,
                158,
                160,
                161,
                163,
                167,
                171,
                172,
                173,
                174,
                175,
                176,
                177,
                178,
                179,
                189,
                190,
                191,
                193,
                195,
                205,
                216,
                218,
                219,
                220,
                222,
                225,
                228,
                229,
                232,
                233,
                235,
                236,
                247,
                248,
                249,
                250,
                251,
                252,
                254,
                255,
                257,
                258,
                259,
                260,
                262,
                264,
                268,
                269,
                270,
                271,
                272,
                273,
                274,
                275,
                276,
                277,
                288,
                292,
                293,
                294,
                295,
                296,
                297,
                298,
                299,
                300,
                309,
                310,
                315,
                316,
                319,
                322,
                325,
                327,
                328,
                330,
                334,
                337,
                339,
                341,
                342,
                344,
                345,
                346,
                347,
                349,
                351,
                360,
                363,
                365,
                367,
                369,
                370,
                371,
                373,
                382,
                384,
                385,
                387,
                389,
                390,
                392,
                396,
                398,
                399,
                400,
                402,
                411,
                413,
                414,
                416,
                418,
                419
            ],
            "excluded_lines": [],
            "executed_branches": [],
            "missing_branches": [
                [
                    45,
                    46
                ],
                [
                    45,
                    51
                ],
                [
                    46,
                    47
                ],
                [
                    46,
                    50
                ],
                [
                    62,
                    -62
                ],
                [
                    62,
                    -53
                ],
                [
                    73,
                    -73
                ],
                [
                    73,
                    -65
                ],
                [
                    84,
                    -84
                ],
                [
                    84,
                    -75
                ],
                [
                    117,
                    118
                ],
                [
                    117,
                    120
                ],
                [
                    148,
                    -148
                ],
                [
                    148,
                    149
                ],
                [
                    154,
                    -154
                ],
                [
                    154,
                    155
                ],
                [
                    154,
                    163
                ],
                [
                    156,
                    157
                ],
                [
                    156,
                    161
                ],
                [
                    157,
                    158
                ],
                [
                    157,
                    160
                ],
                [
                    171,
                    -169
                ],
                [
                    171,
                    172
                ],
                [
                    173,
                    174
                ],
                [
                    173,
                    178
                ],
                [
                    178,
                    -169
                ],
                [
                    178,
                    179
                ],
                [
                    189,
                    190
                ],
                [
                    189,
                    195
                ],
                [
                    190,
                    191
                ],
                [
                    190,
                    193
                ],
                [
                    205,
                    -205
                ],
                [
                    205,
                    -197
                ],
                [
                    218,
                    219
                ],
                [
                    218,
                    220
                ],
                [
                    220,
                    222
                ],
                [
                    220,
                    225
                ],
                [
                    232,
                    233
                ],
                [
                    232,
                    235
                ],
                [
                    248,
                    249
                ],
                [
                    248,
                    255
                ],
                [
                    249,
                    250
                ],
                [
                    249,
                    251
                ],
                [
                    251,
                    252
                ],
                [
                    251,
                    254
                ],
                [
                    255,
                    257
                ],
                [
                    255,
                    262
                ],
                [
                    288,
                    -288
                ],
                [
                    288,
                    -279
                ],
                [
                    293,
                    294
                ],
                [
                    293,
                    299
                ],
                [
                    294,
                    295
                ],
                [
                    294,
                    296
                ],
                [
                    296,
                    293
                ],
                [
                    296,
                    297
                ],
                [
                    297,
                    293
                ],
                [
                    297,
                    298
                ],
                [
                    299,
                    -290
                ],
                [
                    299,
                    300
                ],
                [
                    310,
                    -310
                ],
                [
                    310,
                    -302
                ],
                [
                    315,
                    316
                ],
                [
                    315,
                    319
                ],
                [
                    327,
                    328
                ],
                [
                    327,
                    330
                ],
                [
                    341,
                    342
                ],
                [
                    341,
                    344
                ],
                [
                    344,
                    345
                ],
                [
                    344,
                    349
                ],
                [
                    369,
                    370
                ],
                [
                    369,
                    373
                ],
                [
                    370,
                    369
                ],
                [
                    370,
                    371
                ],
                [
                    384,
                    385
                ],
                [
                    384,
                    387
                ],
                [
                    398,
                    399
                ],
                [
                    398,
                    402
                ],
                [
                    399,
                    398
                ],
                [
                    399,
                    400
                ],
                [
                    413,
                    414
                ],
                [
                    413,
                    416
                ]
            ]
        },
        "src\\CalSciPy\\bruker\\meta_objects.py": {
            "executed_lines": [
                1,
                2,
                3,
                4,
                5,
                6,
                7,
                8,
                11,
                12,
                16,
                26,
                27,
                28,
                35,
                36,
                45,
                46,
                54,
                55,
                70,
                74,
                75,
                78,
                89,
                96,
                112,
                113,
                118,
                119,
                123,
                141,
                166,
                167,
                170,
                180,
                191,
                207,
                214
            ],
            "summary": {
                "covered_lines": 37,
                "num_statements": 102,
                "percent_covered": 29.838709677419356,
                "percent_covered_display": "30",
                "missing_lines": 65,
                "excluded_lines": 0,
                "num_branches": 22,
                "num_partial_branches": 0,
                "covered_branches": 0,
                "missing_branches": 22
            },
            "missing_lines": [
                23,
                24,
                33,
                43,
                51,
                61,
                62,
                63,
                64,
                65,
                67,
                68,
                71,
                76,
                86,
                87,
                90,
                91,
                92,
                93,
                94,
                105,
                106,
                107,
                108,
                109,
                114,
                115,
                125,
                127,
                129,
                131,
                133,
                135,
                137,
                139,
                147,
                148,
                150,
                151,
                152,
                153,
                154,
                156,
                157,
                158,
                159,
                160,
                162,
                164,
                168,
                178,
                186,
                187,
                188,
                189,
                200,
                202,
                205,
                208,
                209,
                210,
                211,
                212,
                215
            ],
            "excluded_lines": [],
            "executed_branches": [],
            "missing_branches": [
                [
                    90,
                    -89
                ],
                [
                    90,
                    91
                ],
                [
                    105,
                    -96
                ],
                [
                    105,
                    106
                ],
                [
                    107,
                    108
                ],
                [
                    107,
                    109
                ],
                [
                    150,
                    151
                ],
                [
                    150,
                    164
                ],
                [
                    151,
                    152
                ],
                [
                    151,
                    157
                ],
                [
                    153,
                    154
                ],
                [
                    153,
                    156
                ],
                [
                    157,
                    158
                ],
                [
                    157,
                    159
                ],
                [
                    159,
                    160
                ],
                [
                    159,
                    162
                ],
                [
                    189,
                    -189
                ],
                [
                    189,
                    -180
                ],
                [
                    209,
                    210
                ],
                [
                    209,
                    211
                ],
                [
                    215,
                    -215
                ],
                [
                    215,
                    -214
                ]
            ]
        },
        "src\\CalSciPy\\bruker\\validation.py": {
            "executed_lines": [
                1,
                2,
                3,
                4,
                5,
                6,
                9,
                26,
                43,
                54,
                55,
                60,
                67,
                77,
                80,
                90,
                94,
                95,
                100,
                141,
                148,
                177,
                182
            ],
            "summary": {
                "covered_lines": 23,
                "num_statements": 130,
                "percent_covered": 12.777777777777779,
                "percent_covered_display": "13",
                "missing_lines": 107,
                "excluded_lines": 0,
                "num_branches": 50,
                "num_partial_branches": 0,
                "covered_branches": 0,
                "missing_branches": 50
            },
            "missing_lines": [
                10,
                11,
                12,
                13,
                14,
                15,
                16,
                18,
                19,
                20,
                21,
                22,
                23,
                27,
                28,
                29,
                30,
                31,
                32,
                33,
                35,
                36,
                37,
                38,
                39,
                40,
                44,
                45,
                46,
                47,
                48,
                49,
                51,
                56,
                57,
                58,
                61,
                62,
                63,
                64,
                65,
                68,
                69,
                70,
                71,
                73,
                74,
                75,
                78,
                81,
                82,
                83,
                84,
                86,
                87,
                88,
                91,
                96,
                97,
                111,
                112,
                113,
                114,
                115,
                116,
                119,
                120,
                121,
                123,
                126,
                127,
                128,
                129,
                130,
                131,
                133,
                134,
                135,
                137,
                138,
                149,
                150,
                151,
                152,
                154,
                156,
                157,
                158,
                160,
                161,
                162,
                163,
                164,
                167,
                169,
                170,
                171,
                172,
                173,
                174,
                178,
                183,
                184,
                185,
                186,
                188,
                189
            ],
            "excluded_lines": [],
            "executed_branches": [],
            "missing_branches": [
                [
                    15,
                    -9
                ],
                [
                    15,
                    16
                ],
                [
                    18,
                    19
                ],
                [
                    18,
                    23
                ],
                [
                    28,
                    -26
                ],
                [
                    28,
                    29
                ],
                [
                    32,
                    33
                ],
                [
                    32,
                    40
                ],
                [
                    48,
                    -43
                ],
                [
                    48,
                    49
                ],
                [
                    57,
                    -55
                ],
                [
                    57,
                    58
                ],
                [
                    62,
                    63
                ],
                [
                    62,
                    64
                ],
                [
                    73,
                    74
                ],
                [
                    73,
                    75
                ],
                [
                    75,
                    -75
                ],
                [
                    75,
                    -67
                ],
                [
                    86,
                    87
                ],
                [
                    86,
                    88
                ],
                [
                    112,
                    113
                ],
                [
                    112,
                    114
                ],
                [
                    126,
                    127
                ],
                [
                    126,
                    129
                ],
                [
                    127,
                    128
                ],
                [
                    127,
                    129
                ],
                [
                    131,
                    -131
                ],
                [
                    131,
                    133
                ],
                [
                    135,
                    -135
                ],
                [
                    135,
                    137
                ],
                [
                    149,
                    150
                ],
                [
                    149,
                    151
                ],
                [
                    156,
                    157
                ],
                [
                    156,
                    167
                ],
                [
                    158,
                    160
                ],
                [
                    158,
                    162
                ],
                [
                    160,
                    161
                ],
                [
                    160,
                    167
                ],
                [
                    169,
                    170
                ],
                [
                    169,
                    174
                ],
                [
                    170,
                    169
                ],
                [
                    170,
                    171
                ],
                [
                    172,
                    169
                ],
                [
                    172,
                    173
                ],
                [
                    178,
                    -178
                ],
                [
                    178,
                    -177
                ],
                [
                    185,
                    186
                ],
                [
                    185,
                    188
                ],
                [
                    188,
                    -182
                ],
                [
                    188,
                    189
                ]
            ]
        },
        "src\\CalSciPy\\bruker\\xml_mappings\\__init__.py": {
            "executed_lines": [
                1
            ],
            "summary": {
                "covered_lines": 1,
                "num_statements": 1,
                "percent_covered": 100.0,
                "percent_covered_display": "100",
                "missing_lines": 0,
                "excluded_lines": 0,
                "num_branches": 0,
                "num_partial_branches": 0,
                "covered_branches": 0,
                "missing_branches": 0
            },
            "missing_lines": [],
            "excluded_lines": [],
            "executed_branches": [],
            "missing_branches": []
        },
        "src\\CalSciPy\\bruker\\xml_mappings\\xml_mapping.py": {
            "executed_lines": [
                1,
                3,
                4,
                5,
                6,
                9,
                12,
                31
            ],
            "summary": {
                "covered_lines": 8,
                "num_statements": 19,
                "percent_covered": 34.78260869565217,
                "percent_covered_display": "35",
                "missing_lines": 11,
                "excluded_lines": 0,
                "num_branches": 4,
                "num_partial_branches": 0,
                "covered_branches": 0,
                "missing_branches": 4
            },
            "missing_lines": [
                24,
                25,
                26,
                27,
                28,
                41,
                42,
                43,
                44,
                45,
                46
            ],
            "excluded_lines": [],
            "executed_branches": [],
            "missing_branches": [
                [
                    27,
                    -12
                ],
                [
                    27,
                    28
                ],
                [
                    44,
                    45
                ],
                [
                    44,
                    46
                ]
            ]
        },
        "src\\CalSciPy\\bruker\\xml_objects.py": {
            "executed_lines": [
                1,
                2,
                3,
                4,
                5,
                6,
                7,
                9,
                11,
                12,
                16,
                17,
                18,
                23,
                30,
                55,
                56,
                57,
                64,
                65,
                72,
                87,
                101,
                102,
                103,
                107,
                109,
                111,
                113,
                115,
                116,
                120,
                121,
                122,
                126,
                128,
                130,
                132,
                134,
                136,
                138,
                140,
                142,
                144,
                146,
                148,
                149,
                153,
                154,
                155,
                159,
                161,
                163,
                165,
                167,
                169,
                171,
                173,
                174,
                178,
                179,
                180,
                186,
                188,
                190,
                192,
                194,
                196,
                198,
                200,
                201,
                205,
                206,
                207,
                211,
                213,
                219,
                222,
                223,
                227,
                228,
                229,
                234,
                236,
                238,
                240,
                242,
                244,
                246,
                248,
                250,
                252,
                254,
                256,
                257,
                261,
                262,
                263,
                269,
                271,
                273,
                275,
                277,
                279,
                281,
                283,
                285,
                287,
                289,
                291,
                293,
                294
            ],
            "summary": {
                "covered_lines": 104,
                "num_statements": 137,
                "percent_covered": 71.8562874251497,
                "percent_covered_display": "72",
                "missing_lines": 33,
                "excluded_lines": 0,
                "num_branches": 30,
                "num_partial_branches": 0,
                "covered_branches": 16,
                "missing_branches": 14
            },
            "missing_lines": [
                28,
                37,
                40,
                42,
                43,
                44,
                45,
                46,
                47,
                48,
                50,
                53,
                62,
                70,
                76,
                79,
                81,
                82,
                85,
                97,
                98,
                117,
                150,
                175,
                202,
                214,
                215,
                216,
                217,
                220,
                224,
                258,
                295
            ],
            "excluded_lines": [],
            "executed_branches": [
                [
                    16,
                    17
                ],
                [
                    16,
                    18
                ],
                [
                    101,
                    102
                ],
                [
                    101,
                    103
                ],
                [
                    120,
                    121
                ],
                [
                    120,
                    122
                ],
                [
                    153,
                    154
                ],
                [
                    153,
                    155
                ],
                [
                    178,
                    179
                ],
                [
                    178,
                    180
                ],
                [
                    205,
                    206
                ],
                [
                    205,
                    207
                ],
                [
                    227,
                    228
                ],
                [
                    227,
                    229
                ],
                [
                    261,
                    262
                ],
                [
                    261,
                    263
                ]
            ],
            "missing_branches": [
                [
                    42,
                    43
                ],
                [
                    42,
                    53
                ],
                [
                    43,
                    44
                ],
                [
                    43,
                    50
                ],
                [
                    46,
                    47
                ],
                [
                    46,
                    48
                ],
                [
                    70,
                    -70
                ],
                [
                    70,
                    -64
                ],
                [
                    81,
                    82
                ],
                [
                    81,
                    85
                ],
                [
                    214,
                    215
                ],
                [
                    214,
                    217
                ],
                [
                    215,
                    214
                ],
                [
                    215,
                    216
                ]
            ]
        },
        "src\\CalSciPy\\event_processing.py": {
            "executed_lines": [
                1,
                2,
                3,
                4,
                5,
                6,
                7,
                10,
                20,
                21,
                23,
                25,
                27,
                30,
                38,
                41,
                56,
                71,
                81,
                92,
                106,
                138,
                147,
                148,
                150,
                152,
                153,
                154,
                157,
                168,
                219,
                245
            ],
            "summary": {
                "covered_lines": 32,
                "num_statements": 104,
                "percent_covered": 22.78481012658228,
                "percent_covered_display": "23",
                "missing_lines": 72,
                "excluded_lines": 0,
                "num_branches": 54,
                "num_partial_branches": 0,
                "covered_branches": 4,
                "missing_branches": 50
            },
            "missing_lines": [
                52,
                64,
                65,
                66,
                67,
                68,
                78,
                89,
                100,
                101,
                102,
                103,
                120,
                121,
                123,
                124,
                126,
                127,
                129,
                131,
                132,
                134,
                165,
                172,
                173,
                174,
                175,
                177,
                181,
                182,
                183,
                185,
                186,
                187,
                189,
                191,
                193,
                194,
                196,
                198,
                200,
                201,
                202,
                203,
                204,
                205,
                206,
                207,
                209,
                211,
                213,
                214,
                216,
                229,
                230,
                231,
                232,
                233,
                234,
                235,
                236,
                237,
                238,
                240,
                241,
                242,
                253,
                254,
                255,
                256,
                257,
                258
            ],
            "excluded_lines": [],
            "executed_branches": [
                [
                    20,
                    21
                ],
                [
                    20,
                    23
                ],
                [
                    147,
                    148
                ],
                [
                    147,
                    150
                ]
            ],
            "missing_branches": [
                [
                    52,
                    -52
                ],
                [
                    52,
                    -41
                ],
                [
                    65,
                    66
                ],
                [
                    65,
                    67
                ],
                [
                    78,
                    -78
                ],
                [
                    78,
                    -71
                ],
                [
                    89,
                    -89
                ],
                [
                    89,
                    -81
                ],
                [
                    101,
                    102
                ],
                [
                    101,
                    103
                ],
                [
                    102,
                    -102
                ],
                [
                    102,
                    101
                ],
                [
                    123,
                    124
                ],
                [
                    123,
                    126
                ],
                [
                    126,
                    127
                ],
                [
                    126,
                    129
                ],
                [
                    131,
                    132
                ],
                [
                    131,
                    134
                ],
                [
                    134,
                    -134
                ],
                [
                    134,
                    -106
                ],
                [
                    165,
                    -165
                ],
                [
                    165,
                    -157
                ],
                [
                    172,
                    173
                ],
                [
                    172,
                    174
                ],
                [
                    174,
                    175
                ],
                [
                    174,
                    177
                ],
                [
                    181,
                    182
                ],
                [
                    181,
                    185
                ],
                [
                    185,
                    -185
                ],
                [
                    185,
                    186
                ],
                [
                    193,
                    194
                ],
                [
                    193,
                    196
                ],
                [
                    200,
                    201
                ],
                [
                    200,
                    202
                ],
                [
                    202,
                    203
                ],
                [
                    202,
                    204
                ],
                [
                    204,
                    205
                ],
                [
                    204,
                    206
                ],
                [
                    206,
                    207
                ],
                [
                    206,
                    209
                ],
                [
                    213,
                    214
                ],
                [
                    213,
                    216
                ],
                [
                    232,
                    233
                ],
                [
                    232,
                    242
                ],
                [
                    233,
                    234
                ],
                [
                    233,
                    236
                ],
                [
                    236,
                    237
                ],
                [
                    236,
                    240
                ],
                [
                    254,
                    255
                ],
                [
                    254,
                    258
                ]
            ]
        },
        "src\\CalSciPy\\io_tools.py": {
            "executed_lines": [
                1,
                2,
                3,
                4,
                6,
                7,
                8,
                9,
                10,
                12,
                15,
                20,
                21,
                22,
                41,
                42,
                43,
                44,
                45,
                46,
                47,
                51,
                52,
                54,
                55,
                57,
                59,
                60,
                64,
                65,
                66,
                69,
                70,
                71,
                79,
                80,
                82,
                85,
                86,
                87,
                103,
                104,
                107,
                108,
                111,
                112,
                115,
                118,
                119,
                120,
                134,
                135,
                137,
                138,
                139,
                140,
                142,
                143,
                146,
                147,
                148,
                155,
                158,
                159,
                166,
                167,
                169,
                170,
                172,
                173,
                175,
                178,
                179,
                180,
                189,
                190,
                191,
                194,
                195,
                196,
                197,
                198,
                201,
                202,
                203,
                211,
                212,
                213,
                214,
                215,
                217,
                218,
                219,
                220,
                221,
                222,
                223,
                224,
                225,
                226,
                229,
                230,
                242,
                257,
                258,
                259,
                260,
                262,
                263,
                264,
                266,
                268,
                269,
                271,
                272,
                274,
                276,
                277,
                278,
                279,
                280,
                282,
                284,
                286,
                288,
                289,
                291,
                292,
                294,
                295
            ],
            "summary": {
                "covered_lines": 129,
                "num_statements": 129,
                "percent_covered": 99.40828402366864,
                "percent_covered_display": "99",
                "missing_lines": 0,
                "excluded_lines": 0,
                "num_branches": 40,
                "num_partial_branches": 1,
                "covered_branches": 39,
                "missing_branches": 1
            },
            "missing_lines": [],
            "excluded_lines": [],
            "executed_branches": [
                [
                    41,
                    42
                ],
                [
                    41,
                    51
                ],
                [
                    54,
                    55
                ],
                [
                    54,
                    57
                ],
                [
                    59,
                    60
                ],
                [
                    59,
                    64
                ],
                [
                    79,
                    80
                ],
                [
                    79,
                    82
                ],
                [
                    103,
                    104
                ],
                [
                    103,
                    107
                ],
                [
                    134,
                    135
                ],
                [
                    134,
                    137
                ],
                [
                    138,
                    139
                ],
                [
                    138,
                    142
                ],
                [
                    167,
                    -167
                ],
                [
                    167,
                    167
                ],
                [
                    167,
                    169
                ],
                [
                    169,
                    170
                ],
                [
                    169,
                    172
                ],
                [
                    172,
                    173
                ],
                [
                    172,
                    175
                ],
                [
                    189,
                    190
                ],
                [
                    189,
                    194
                ],
                [
                    195,
                    196
                ],
                [
                    195,
                    197
                ],
                [
                    218,
                    219
                ],
                [
                    218,
                    224
                ],
                [
                    262,
                    263
                ],
                [
                    262,
                    266
                ],
                [
                    271,
                    272
                ],
                [
                    271,
                    274
                ],
                [
                    278,
                    279
                ],
                [
                    278,
                    280
                ],
                [
                    286,
                    -286
                ],
                [
                    286,
                    286
                ],
                [
                    286,
                    288
                ],
                [
                    288,
                    289
                ],
                [
                    288,
                    291
                ],
                [
                    291,
                    292
                ],
                [
                    291,
                    294
                ],
                [
                    294,
                    -282
                ],
                [
                    294,
                    295
                ]
            ],
            "missing_branches": [
                [
                    218,
                    226
                ]
            ]
        },
        "src\\CalSciPy\\misc.py": {
            "executed_lines": [
                1,
                2,
                3,
                4,
                5,
                6,
                7,
                8,
                9,
                12,
                13,
                18,
                20,
                22,
                24,
                27,
                45,
                56,
                57,
                60,
                69,
                70,
                71,
                72,
                73,
                74,
                76,
                78,
                79,
                82,
                83,
                85,
                86,
                87,
                88,
                89,
                91,
                93,
                94,
                95,
                96,
                97,
                99,
                101,
                104,
                152,
                165,
                167,
                168,
                170,
                171,
                173,
                176,
                193,
                194,
                204,
                205,
                207,
                208,
                210,
                211,
                213,
                220,
                221,
                222,
                223,
                226,
                227,
                228,
                229,
                230,
                235,
                238,
                240,
                241,
                243,
                244,
                246,
                247,
                248,
                249,
                250,
                252,
                254,
                255,
                260,
                263
            ],
            "summary": {
                "covered_lines": 87,
                "num_statements": 132,
                "percent_covered": 63.04347826086956,
                "percent_covered_display": "63",
                "missing_lines": 45,
                "excluded_lines": 0,
                "num_branches": 52,
                "num_partial_branches": 1,
                "covered_branches": 29,
                "missing_branches": 23
            },
            "missing_lines": [
                14,
                15,
                39,
                40,
                42,
                113,
                114,
                115,
                116,
                117,
                118,
                120,
                122,
                123,
                126,
                127,
                130,
                131,
                133,
                134,
                135,
                136,
                137,
                139,
                141,
                142,
                143,
                144,
                145,
                147,
                149,
                183,
                184,
                185,
                186,
                187,
                188,
                189,
                190,
                256,
                257,
                259,
                272,
                273,
                274
            ],
            "excluded_lines": [],
            "executed_branches": [
                [
                    69,
                    70
                ],
                [
                    69,
                    71
                ],
                [
                    71,
                    72
                ],
                [
                    71,
                    73
                ],
                [
                    73,
                    74
                ],
                [
                    73,
                    76
                ],
                [
                    82,
                    83
                ],
                [
                    82,
                    85
                ],
                [
                    88,
                    85
                ],
                [
                    88,
                    89
                ],
                [
                    94,
                    95
                ],
                [
                    94,
                    96
                ],
                [
                    96,
                    97
                ],
                [
                    96,
                    99
                ],
                [
                    167,
                    168
                ],
                [
                    167,
                    170
                ],
                [
                    170,
                    171
                ],
                [
                    170,
                    173
                ],
                [
                    220,
                    221
                ],
                [
                    220,
                    223
                ],
                [
                    221,
                    220
                ],
                [
                    221,
                    222
                ],
                [
                    230,
                    -230
                ],
                [
                    230,
                    230
                ],
                [
                    230,
                    235
                ],
                [
                    243,
                    244
                ],
                [
                    243,
                    246
                ],
                [
                    249,
                    246
                ],
                [
                    249,
                    250
                ],
                [
                    254,
                    255
                ]
            ],
            "missing_branches": [
                [
                    39,
                    40
                ],
                [
                    39,
                    42
                ],
                [
                    113,
                    114
                ],
                [
                    113,
                    115
                ],
                [
                    115,
                    116
                ],
                [
                    115,
                    117
                ],
                [
                    117,
                    118
                ],
                [
                    117,
                    120
                ],
                [
                    126,
                    127
                ],
                [
                    126,
                    130
                ],
                [
                    130,
                    131
                ],
                [
                    130,
                    133
                ],
                [
                    136,
                    133
                ],
                [
                    136,
                    137
                ],
                [
                    142,
                    143
                ],
                [
                    142,
                    144
                ],
                [
                    144,
                    145
                ],
                [
                    144,
                    147
                ],
                [
                    186,
                    187
                ],
                [
                    186,
                    188
                ],
                [
                    254,
                    256
                ],
                [
                    256,
                    257
                ],
                [
                    256,
                    259
                ]
            ]
        },
        "src\\CalSciPy\\trace_processing.py": {
            "executed_lines": [
                1,
                2,
                4,
                5,
                6,
                7,
                8,
                9,
                12,
                19,
                20,
                25,
                86,
                92,
                93,
                94,
                95,
                96,
                97,
                100,
                112,
                115,
                123,
                124,
                126,
                127,
                129,
                131,
                132,
                133,
                134,
                137,
                183,
                234,
                235
            ],
            "summary": {
                "covered_lines": 35,
                "num_statements": 85,
                "percent_covered": 36.75213675213675,
                "percent_covered_display": "37",
                "missing_lines": 50,
                "excluded_lines": 0,
                "num_branches": 32,
                "num_partial_branches": 2,
                "covered_branches": 8,
                "missing_branches": 24
            },
            "missing_lines": [
                22,
                42,
                43,
                45,
                47,
                49,
                50,
                51,
                55,
                56,
                57,
                60,
                61,
                62,
                63,
                66,
                68,
                69,
                71,
                73,
                76,
                78,
                81,
                83,
                165,
                166,
                167,
                169,
                170,
                172,
                174,
                175,
                177,
                178,
                180,
                212,
                213,
                215,
                217,
                220,
                222,
                223,
                224,
                225,
                226,
                227,
                228,
                229,
                231,
                243
            ],
            "excluded_lines": [],
            "executed_branches": [
                [
                    19,
                    20
                ],
                [
                    93,
                    94
                ],
                [
                    95,
                    96
                ],
                [
                    95,
                    97
                ],
                [
                    126,
                    127
                ],
                [
                    126,
                    129
                ],
                [
                    131,
                    132
                ],
                [
                    131,
                    134
                ]
            ],
            "missing_branches": [
                [
                    19,
                    22
                ],
                [
                    42,
                    43
                ],
                [
                    42,
                    45
                ],
                [
                    56,
                    57
                ],
                [
                    56,
                    60
                ],
                [
                    61,
                    62
                ],
                [
                    61,
                    66
                ],
                [
                    68,
                    69
                ],
                [
                    68,
                    83
                ],
                [
                    69,
                    71
                ],
                [
                    69,
                    76
                ],
                [
                    93,
                    95
                ],
                [
                    169,
                    170
                ],
                [
                    169,
                    172
                ],
                [
                    174,
                    175
                ],
                [
                    174,
                    177
                ],
                [
                    177,
                    178
                ],
                [
                    177,
                    180
                ],
                [
                    212,
                    213
                ],
                [
                    212,
                    215
                ],
                [
                    222,
                    223
                ],
                [
                    222,
                    231
                ],
                [
                    225,
                    226
                ],
                [
                    225,
                    227
                ]
            ]
        },
        "src\\CalSciPy\\version.py": {
            "executed_lines": [
                1,
                4,
                9,
                11,
                12,
                13,
                14
            ],
            "summary": {
                "covered_lines": 7,
                "num_statements": 7,
                "percent_covered": 100.0,
                "percent_covered_display": "100",
                "missing_lines": 0,
                "excluded_lines": 0,
                "num_branches": 0,
                "num_partial_branches": 0,
                "covered_branches": 0,
                "missing_branches": 0
            },
            "missing_lines": [],
            "excluded_lines": [],
            "executed_branches": [],
            "missing_branches": []
        }
    },
    "totals": {
        "covered_lines": 681,
        "num_statements": 1266,
        "percent_covered": 48.09384164222874,
        "percent_covered_display": "48",
        "missing_lines": 585,
        "excluded_lines": 0,
        "num_branches": 439,
        "num_partial_branches": 13,
        "covered_branches": 139,
        "missing_branches": 300
    }
}