{
    "meta": {
        "version": "7.2.2",
        "timestamp": "2023-08-08T13:15:19.091995",
        "branch_coverage": true,
        "show_contexts": false
    },
    "files": {
        "src\\CalSciPy\\__init__.py": {
            "executed_lines": [
                1,
                14,
                16,
                17,
                18,
                19
            ],
            "summary": {
                "covered_lines": 6,
                "num_statements": 6,
                "percent_covered": 100.0,
                "percent_covered_display": "100",
                "missing_lines": 0,
                "excluded_lines": 0,
                "num_branches": 0,
                "num_partial_branches": 0,
                "covered_branches": 0,
                "missing_branches": 0
            },
            "missing_lines": [],
            "excluded_lines": [],
            "executed_branches": [],
            "missing_branches": []
        },
        "src\\CalSciPy\\bruker\\__init__.py": {
            "executed_lines": [
                1
            ],
            "summary": {
                "covered_lines": 1,
                "num_statements": 1,
                "percent_covered": 100.0,
                "percent_covered_display": "100",
                "missing_lines": 0,
                "excluded_lines": 0,
                "num_branches": 0,
                "num_partial_branches": 0,
                "covered_branches": 0,
                "missing_branches": 0
            },
            "missing_lines": [],
            "excluded_lines": [],
            "executed_branches": [],
            "missing_branches": []
        },
        "src\\CalSciPy\\bruker\\configuration_values.py": {
            "executed_lines": [
                1,
                2,
                4,
                6,
                8,
                10,
                12,
                15,
                17
            ],
            "summary": {
                "covered_lines": 9,
                "num_statements": 9,
                "percent_covered": 100.0,
                "percent_covered_display": "100",
                "missing_lines": 0,
                "excluded_lines": 0,
                "num_branches": 0,
                "num_partial_branches": 0,
                "covered_branches": 0,
                "missing_branches": 0
            },
            "missing_lines": [],
            "excluded_lines": [],
            "executed_branches": [],
            "missing_branches": []
        },
        "src\\CalSciPy\\bruker\\data.py": {
            "executed_lines": [
                1,
                2,
                3,
                4,
                5,
                6,
                8,
                9,
                10,
                11,
                13,
                14,
                16,
                17,
                18,
                19,
                20,
                23,
                28,
                60,
                61,
                74,
                76,
                77,
                79,
                80,
                82,
                83,
                84,
                85,
                87,
                89,
                91,
                93,
                94,
                96,
                98,
                101,
                102,
                104,
                106,
                108,
                109,
                111,
                113,
                116,
                118,
                121,
                125,
                126,
                162,
                182,
                184,
                185,
                186,
                187,
                188,
                189,
                191,
                192,
                197,
                198,
                214,
                215,
                217,
                218,
                222,
                223,
                226,
                227,
                255,
                256,
                274,
                275,
                286,
                287,
                301,
                302,
                304,
                306,
                308,
                309,
                311,
                313,
                330,
                331,
                332,
                334,
                337,
                338,
                339,
                352,
                368,
                369,
                370,
                371,
                372,
                373,
                374,
                377,
                392,
                393,
                394,
                395,
                396,
                397,
                398,
                400,
                403,
                412,
                413,
                414
            ],
            "summary": {
                "covered_lines": 112,
                "num_statements": 168,
                "percent_covered": 62.94642857142857,
                "percent_covered_display": "63",
                "missing_lines": 56,
                "excluded_lines": 0,
                "num_branches": 56,
                "num_partial_branches": 5,
                "covered_branches": 29,
                "missing_branches": 27
            },
            "missing_lines": [
                43,
                46,
                47,
                49,
                50,
                51,
                52,
                54,
                55,
                57,
                133,
                134,
                144,
                146,
                148,
                149,
                151,
                153,
                155,
                157,
                159,
                183,
                190,
                193,
                194,
                219,
                220,
                243,
                244,
                247,
                248,
                250,
                252,
                264,
                265,
                266,
                267,
                268,
                269,
                271,
                283,
                315,
                316,
                317,
                318,
                320,
                321,
                322,
                323,
                325,
                326,
                328,
                346,
                347,
                348,
                349
            ],
            "excluded_lines": [],
            "executed_branches": [
                [
                    74,
                    -74
                ],
                [
                    74,
                    74
                ],
                [
                    74,
                    76
                ],
                [
                    80,
                    -80
                ],
                [
                    80,
                    -79
                ],
                [
                    80,
                    80
                ],
                [
                    83,
                    -83
                ],
                [
                    83,
                    83
                ],
                [
                    83,
                    84
                ],
                [
                    84,
                    -84
                ],
                [
                    84,
                    84
                ],
                [
                    84,
                    85
                ],
                [
                    93,
                    94
                ],
                [
                    93,
                    96
                ],
                [
                    101,
                    102
                ],
                [
                    101,
                    104
                ],
                [
                    108,
                    109
                ],
                [
                    108,
                    111
                ],
                [
                    182,
                    184
                ],
                [
                    184,
                    185
                ],
                [
                    184,
                    186
                ],
                [
                    186,
                    -162
                ],
                [
                    186,
                    187
                ],
                [
                    187,
                    188
                ],
                [
                    187,
                    189
                ],
                [
                    189,
                    191
                ],
                [
                    191,
                    192
                ],
                [
                    218,
                    222
                ],
                [
                    313,
                    330
                ],
                [
                    330,
                    -330
                ],
                [
                    330,
                    330
                ],
                [
                    330,
                    331
                ],
                [
                    372,
                    -372
                ],
                [
                    372,
                    372
                ],
                [
                    372,
                    373
                ]
            ],
            "missing_branches": [
                [
                    49,
                    50
                ],
                [
                    49,
                    57
                ],
                [
                    146,
                    -146
                ],
                [
                    146,
                    148
                ],
                [
                    148,
                    -148
                ],
                [
                    148,
                    149
                ],
                [
                    182,
                    183
                ],
                [
                    189,
                    190
                ],
                [
                    191,
                    193
                ],
                [
                    193,
                    186
                ],
                [
                    193,
                    194
                ],
                [
                    218,
                    219
                ],
                [
                    219,
                    220
                ],
                [
                    219,
                    223
                ],
                [
                    247,
                    248
                ],
                [
                    247,
                    250
                ],
                [
                    264,
                    265
                ],
                [
                    264,
                    266
                ],
                [
                    266,
                    267
                ],
                [
                    266,
                    271
                ],
                [
                    267,
                    -267
                ],
                [
                    267,
                    268
                ],
                [
                    313,
                    315
                ],
                [
                    320,
                    321
                ],
                [
                    320,
                    334
                ],
                [
                    322,
                    323
                ],
                [
                    322,
                    325
                ]
            ]
        },
        "src\\CalSciPy\\bruker\\factories.py": {
            "executed_lines": [
                1,
                2,
                3,
                4,
                5,
                6,
                8,
                9,
                10,
                13,
                18,
                19,
                24,
                32,
                33,
                49,
                50,
                61,
                62,
                71,
                72,
                82,
                96,
                104,
                121,
                122,
                127,
                135,
                136,
                147,
                148,
                161,
                162,
                165,
                166,
                177,
                178,
                193,
                194,
                203,
                204,
                234,
                235,
                256,
                257,
                269,
                270,
                280,
                281,
                292,
                293,
                302,
                322,
                343,
                352,
                365,
                384,
                394
            ],
            "summary": {
                "covered_lines": 56,
                "num_statements": 197,
                "percent_covered": 20.28985507246377,
                "percent_covered_display": "20",
                "missing_lines": 141,
                "excluded_lines": 0,
                "num_branches": 79,
                "num_partial_branches": 0,
                "covered_branches": 0,
                "missing_branches": 79
            },
            "missing_lines": [
                30,
                40,
                41,
                42,
                43,
                44,
                46,
                47,
                58,
                68,
                69,
                80,
                89,
                90,
                91,
                92,
                94,
                102,
                110,
                111,
                112,
                113,
                114,
                116,
                118,
                133,
                143,
                144,
                145,
                150,
                151,
                152,
                153,
                154,
                156,
                157,
                159,
                163,
                167,
                168,
                169,
                170,
                171,
                172,
                173,
                174,
                175,
                185,
                186,
                187,
                189,
                191,
                201,
                212,
                214,
                215,
                216,
                218,
                221,
                224,
                225,
                228,
                229,
                231,
                232,
                243,
                244,
                245,
                246,
                247,
                248,
                250,
                252,
                254,
                258,
                259,
                260,
                261,
                262,
                263,
                264,
                265,
                266,
                267,
                278,
                282,
                283,
                284,
                285,
                286,
                287,
                288,
                289,
                290,
                299,
                300,
                305,
                306,
                309,
                312,
                315,
                317,
                318,
                320,
                324,
                327,
                329,
                331,
                332,
                334,
                335,
                336,
                337,
                339,
                341,
                350,
                353,
                355,
                357,
                359,
                360,
                361,
                363,
                372,
                374,
                375,
                377,
                379,
                380,
                382,
                386,
                388,
                389,
                390,
                392,
                401,
                403,
                404,
                406,
                408,
                409
            ],
            "excluded_lines": [],
            "executed_branches": [],
            "missing_branches": [
                [
                    41,
                    42
                ],
                [
                    41,
                    47
                ],
                [
                    42,
                    43
                ],
                [
                    42,
                    46
                ],
                [
                    58,
                    -58
                ],
                [
                    58,
                    -49
                ],
                [
                    69,
                    -69
                ],
                [
                    69,
                    -61
                ],
                [
                    80,
                    -80
                ],
                [
                    80,
                    -71
                ],
                [
                    113,
                    114
                ],
                [
                    113,
                    116
                ],
                [
                    144,
                    -144
                ],
                [
                    144,
                    145
                ],
                [
                    150,
                    -150
                ],
                [
                    150,
                    151
                ],
                [
                    150,
                    159
                ],
                [
                    152,
                    153
                ],
                [
                    152,
                    157
                ],
                [
                    153,
                    154
                ],
                [
                    153,
                    156
                ],
                [
                    167,
                    -165
                ],
                [
                    167,
                    168
                ],
                [
                    169,
                    170
                ],
                [
                    169,
                    174
                ],
                [
                    174,
                    -165
                ],
                [
                    174,
                    175
                ],
                [
                    185,
                    186
                ],
                [
                    185,
                    191
                ],
                [
                    186,
                    187
                ],
                [
                    186,
                    189
                ],
                [
                    201,
                    -201
                ],
                [
                    201,
                    -193
                ],
                [
                    214,
                    215
                ],
                [
                    214,
                    216
                ],
                [
                    216,
                    218
                ],
                [
                    216,
                    221
                ],
                [
                    228,
                    229
                ],
                [
                    228,
                    231
                ],
                [
                    244,
                    245
                ],
                [
                    244,
                    252
                ],
                [
                    245,
                    246
                ],
                [
                    245,
                    247
                ],
                [
                    247,
                    248
                ],
                [
                    247,
                    250
                ],
                [
                    278,
                    -278
                ],
                [
                    278,
                    -269
                ],
                [
                    283,
                    284
                ],
                [
                    283,
                    289
                ],
                [
                    284,
                    285
                ],
                [
                    284,
                    286
                ],
                [
                    286,
                    283
                ],
                [
                    286,
                    287
                ],
                [
                    287,
                    283
                ],
                [
                    287,
                    288
                ],
                [
                    289,
                    -280
                ],
                [
                    289,
                    290
                ],
                [
                    300,
                    -300
                ],
                [
                    300,
                    -292
                ],
                [
                    305,
                    306
                ],
                [
                    305,
                    309
                ],
                [
                    317,
                    318
                ],
                [
                    317,
                    320
                ],
                [
                    331,
                    332
                ],
                [
                    331,
                    334
                ],
                [
                    334,
                    335
                ],
                [
                    334,
                    339
                ],
                [
                    359,
                    360
                ],
                [
                    359,
                    363
                ],
                [
                    360,
                    359
                ],
                [
                    360,
                    361
                ],
                [
                    374,
                    375
                ],
                [
                    374,
                    377
                ],
                [
                    388,
                    389
                ],
                [
                    388,
                    392
                ],
                [
                    389,
                    388
                ],
                [
                    389,
                    390
                ],
                [
                    403,
                    404
                ],
                [
                    403,
                    406
                ]
            ]
        },
        "src\\CalSciPy\\bruker\\meta_objects.py": {
            "executed_lines": [
                1,
                2,
                3,
                4,
                5,
                6,
                7,
                8,
                11,
                12,
                16,
                26,
                27,
                28,
                35,
                36,
                45,
                46,
                54,
                55,
                70,
                74,
                75,
                78,
                89,
                96,
                112,
                113,
                118,
                119,
                123,
                141,
                166,
                167,
                170,
                180,
                191,
                207,
                214
            ],
            "summary": {
                "covered_lines": 37,
                "num_statements": 102,
                "percent_covered": 29.838709677419356,
                "percent_covered_display": "30",
                "missing_lines": 65,
                "excluded_lines": 0,
                "num_branches": 22,
                "num_partial_branches": 0,
                "covered_branches": 0,
                "missing_branches": 22
            },
            "missing_lines": [
                23,
                24,
                33,
                43,
                51,
                61,
                62,
                63,
                64,
                65,
                67,
                68,
                71,
                76,
                86,
                87,
                90,
                91,
                92,
                93,
                94,
                105,
                106,
                107,
                108,
                109,
                114,
                115,
                125,
                127,
                129,
                131,
                133,
                135,
                137,
                139,
                147,
                148,
                150,
                151,
                152,
                153,
                154,
                156,
                157,
                158,
                159,
                160,
                162,
                164,
                168,
                178,
                186,
                187,
                188,
                189,
                200,
                202,
                205,
                208,
                209,
                210,
                211,
                212,
                215
            ],
            "excluded_lines": [],
            "executed_branches": [],
            "missing_branches": [
                [
                    90,
                    -89
                ],
                [
                    90,
                    91
                ],
                [
                    105,
                    -96
                ],
                [
                    105,
                    106
                ],
                [
                    107,
                    108
                ],
                [
                    107,
                    109
                ],
                [
                    150,
                    151
                ],
                [
                    150,
                    164
                ],
                [
                    151,
                    152
                ],
                [
                    151,
                    157
                ],
                [
                    153,
                    154
                ],
                [
                    153,
                    156
                ],
                [
                    157,
                    158
                ],
                [
                    157,
                    159
                ],
                [
                    159,
                    160
                ],
                [
                    159,
                    162
                ],
                [
                    189,
                    -189
                ],
                [
                    189,
                    -180
                ],
                [
                    209,
                    210
                ],
                [
                    209,
                    211
                ],
                [
                    215,
                    -215
                ],
                [
                    215,
                    -214
                ]
            ]
        },
        "src\\CalSciPy\\bruker\\validation.py": {
            "executed_lines": [
                1,
                2,
                3,
                4,
                5,
                6,
                9,
                26,
                43,
                54,
                55,
                60,
                67,
                77,
                80,
                90,
                94,
                95,
                100,
                141,
                148,
                177,
                182
            ],
            "summary": {
                "covered_lines": 23,
                "num_statements": 130,
                "percent_covered": 12.777777777777779,
                "percent_covered_display": "13",
                "missing_lines": 107,
                "excluded_lines": 0,
                "num_branches": 50,
                "num_partial_branches": 0,
                "covered_branches": 0,
                "missing_branches": 50
            },
            "missing_lines": [
                10,
                11,
                12,
                13,
                14,
                15,
                16,
                18,
                19,
                20,
                21,
                22,
                23,
                27,
                28,
                29,
                30,
                31,
                32,
                33,
                35,
                36,
                37,
                38,
                39,
                40,
                44,
                45,
                46,
                47,
                48,
                49,
                51,
                56,
                57,
                58,
                61,
                62,
                63,
                64,
                65,
                68,
                69,
                70,
                71,
                73,
                74,
                75,
                78,
                81,
                82,
                83,
                84,
                86,
                87,
                88,
                91,
                96,
                97,
                111,
                112,
                113,
                114,
                115,
                116,
                119,
                120,
                121,
                123,
                126,
                127,
                128,
                129,
                130,
                131,
                133,
                134,
                135,
                137,
                138,
                149,
                150,
                151,
                152,
                154,
                156,
                157,
                158,
                160,
                161,
                162,
                163,
                164,
                167,
                169,
                170,
                171,
                172,
                173,
                174,
                178,
                183,
                184,
                185,
                186,
                188,
                189
            ],
            "excluded_lines": [],
            "executed_branches": [],
            "missing_branches": [
                [
                    15,
                    -9
                ],
                [
                    15,
                    16
                ],
                [
                    18,
                    19
                ],
                [
                    18,
                    23
                ],
                [
                    28,
                    -26
                ],
                [
                    28,
                    29
                ],
                [
                    32,
                    33
                ],
                [
                    32,
                    40
                ],
                [
                    48,
                    -43
                ],
                [
                    48,
                    49
                ],
                [
                    57,
                    -55
                ],
                [
                    57,
                    58
                ],
                [
                    62,
                    63
                ],
                [
                    62,
                    64
                ],
                [
                    73,
                    74
                ],
                [
                    73,
                    75
                ],
                [
                    75,
                    -75
                ],
                [
                    75,
                    -67
                ],
                [
                    86,
                    87
                ],
                [
                    86,
                    88
                ],
                [
                    112,
                    113
                ],
                [
                    112,
                    114
                ],
                [
                    126,
                    127
                ],
                [
                    126,
                    129
                ],
                [
                    127,
                    128
                ],
                [
                    127,
                    129
                ],
                [
                    131,
                    -131
                ],
                [
                    131,
                    133
                ],
                [
                    135,
                    -135
                ],
                [
                    135,
                    137
                ],
                [
                    149,
                    150
                ],
                [
                    149,
                    151
                ],
                [
                    156,
                    157
                ],
                [
                    156,
                    167
                ],
                [
                    158,
                    160
                ],
                [
                    158,
                    162
                ],
                [
                    160,
                    161
                ],
                [
                    160,
                    167
                ],
                [
                    169,
                    170
                ],
                [
                    169,
                    174
                ],
                [
                    170,
                    169
                ],
                [
                    170,
                    171
                ],
                [
                    172,
                    169
                ],
                [
                    172,
                    173
                ],
                [
                    178,
                    -178
                ],
                [
                    178,
                    -177
                ],
                [
                    185,
                    186
                ],
                [
                    185,
                    188
                ],
                [
                    188,
                    -182
                ],
                [
                    188,
                    189
                ]
            ]
        },
        "src\\CalSciPy\\bruker\\xml_mappings\\__init__.py": {
            "executed_lines": [
                1
            ],
            "summary": {
                "covered_lines": 1,
                "num_statements": 1,
                "percent_covered": 100.0,
                "percent_covered_display": "100",
                "missing_lines": 0,
                "excluded_lines": 0,
                "num_branches": 0,
                "num_partial_branches": 0,
                "covered_branches": 0,
                "missing_branches": 0
            },
            "missing_lines": [],
            "excluded_lines": [],
            "executed_branches": [],
            "missing_branches": []
        },
        "src\\CalSciPy\\bruker\\xml_mappings\\xml_mapping.py": {
            "executed_lines": [
                1,
                3,
                4,
                5,
                6,
                9,
                12,
                31
            ],
            "summary": {
                "covered_lines": 8,
                "num_statements": 19,
                "percent_covered": 34.78260869565217,
                "percent_covered_display": "35",
                "missing_lines": 11,
                "excluded_lines": 0,
                "num_branches": 4,
                "num_partial_branches": 0,
                "covered_branches": 0,
                "missing_branches": 4
            },
            "missing_lines": [
                24,
                25,
                26,
                27,
                28,
                41,
                42,
                43,
                44,
                45,
                46
            ],
            "excluded_lines": [],
            "executed_branches": [],
            "missing_branches": [
                [
                    27,
                    -12
                ],
                [
                    27,
                    28
                ],
                [
                    44,
                    45
                ],
                [
                    44,
                    46
                ]
            ]
        },
        "src\\CalSciPy\\bruker\\xml_objects.py": {
            "executed_lines": [
                1,
                2,
                3,
                4,
                5,
                6,
                7,
                8,
                9,
                10,
                14,
                15,
                16,
                21,
                28,
                53,
                54,
                55,
                62,
                63,
                70,
                88,
                102,
                103,
                104,
                108,
                110,
                112,
                114,
                116,
                117,
                121,
                122,
                123,
                127,
                129,
                131,
                133,
                135,
                137,
                139,
                141,
                143,
                145,
                147,
                149,
                150,
                154,
                155,
                156,
                160,
                162,
                164,
                166,
                168,
                170,
                172,
                174,
                175,
                179,
                180,
                181,
                187,
                189,
                191,
                193,
                195,
                197,
                199,
                201,
                202,
                206,
                207,
                208,
                212,
                214,
                220,
                223,
                224,
                228,
                229,
                230,
                237,
                238,
                239,
                240,
                241,
                242,
                243,
                244,
                245,
                246,
                247,
                248,
                254,
                255
            ],
            "summary": {
                "covered_lines": 89,
                "num_statements": 126,
                "percent_covered": 66.88311688311688,
                "percent_covered_display": "67",
                "missing_lines": 37,
                "excluded_lines": 0,
                "num_branches": 28,
                "num_partial_branches": 0,
                "covered_branches": 14,
                "missing_branches": 14
            },
            "missing_lines": [
                26,
                35,
                38,
                40,
                41,
                42,
                43,
                44,
                45,
                46,
                48,
                51,
                60,
                68,
                76,
                77,
                78,
                79,
                80,
                81,
                82,
                83,
                84,
                86,
                98,
                99,
                118,
                151,
                176,
                203,
                215,
                216,
                217,
                218,
                221,
                225,
                256
            ],
            "excluded_lines": [],
            "executed_branches": [
                [
                    14,
                    15
                ],
                [
                    14,
                    16
                ],
                [
                    102,
                    103
                ],
                [
                    102,
                    104
                ],
                [
                    121,
                    122
                ],
                [
                    121,
                    123
                ],
                [
                    154,
                    155
                ],
                [
                    154,
                    156
                ],
                [
                    179,
                    180
                ],
                [
                    179,
                    181
                ],
                [
                    206,
                    207
                ],
                [
                    206,
                    208
                ],
                [
                    228,
                    229
                ],
                [
                    228,
                    230
                ]
            ],
            "missing_branches": [
                [
                    40,
                    41
                ],
                [
                    40,
                    51
                ],
                [
                    41,
                    42
                ],
                [
                    41,
                    48
                ],
                [
                    44,
                    45
                ],
                [
                    44,
                    46
                ],
                [
                    68,
                    -68
                ],
                [
                    68,
                    -62
                ],
                [
                    83,
                    84
                ],
                [
                    83,
                    86
                ],
                [
                    215,
                    216
                ],
                [
                    215,
                    218
                ],
                [
                    216,
                    215
                ],
                [
                    216,
                    217
                ]
            ]
        },
        "src\\CalSciPy\\event_processing.py": {
            "executed_lines": [
                1,
                2,
                3,
                4,
                5,
                6,
                7,
                10,
                20,
                21,
                23,
                25,
                27,
                30,
                38,
                41,
                56,
                71,
                81,
                92,
                106,
                138,
                147,
                148,
                150,
                152,
                153,
                154,
                157,
                168,
                219,
                245
            ],
            "summary": {
                "covered_lines": 32,
                "num_statements": 104,
                "percent_covered": 22.78481012658228,
                "percent_covered_display": "23",
                "missing_lines": 72,
                "excluded_lines": 0,
                "num_branches": 54,
                "num_partial_branches": 0,
                "covered_branches": 4,
                "missing_branches": 50
            },
            "missing_lines": [
                52,
                64,
                65,
                66,
                67,
                68,
                78,
                89,
                100,
                101,
                102,
                103,
                120,
                121,
                123,
                124,
                126,
                127,
                129,
                131,
                132,
                134,
                165,
                172,
                173,
                174,
                175,
                177,
                181,
                182,
                183,
                185,
                186,
                187,
                189,
                191,
                193,
                194,
                196,
                198,
                200,
                201,
                202,
                203,
                204,
                205,
                206,
                207,
                209,
                211,
                213,
                214,
                216,
                229,
                230,
                231,
                232,
                233,
                234,
                235,
                236,
                237,
                238,
                240,
                241,
                242,
                253,
                254,
                255,
                256,
                257,
                258
            ],
            "excluded_lines": [],
            "executed_branches": [
                [
                    20,
                    21
                ],
                [
                    20,
                    23
                ],
                [
                    147,
                    148
                ],
                [
                    147,
                    150
                ]
            ],
            "missing_branches": [
                [
                    52,
                    -52
                ],
                [
                    52,
                    -41
                ],
                [
                    65,
                    66
                ],
                [
                    65,
                    67
                ],
                [
                    78,
                    -78
                ],
                [
                    78,
                    -71
                ],
                [
                    89,
                    -89
                ],
                [
                    89,
                    -81
                ],
                [
                    101,
                    102
                ],
                [
                    101,
                    103
                ],
                [
                    102,
                    -102
                ],
                [
                    102,
                    101
                ],
                [
                    123,
                    124
                ],
                [
                    123,
                    126
                ],
                [
                    126,
                    127
                ],
                [
                    126,
                    129
                ],
                [
                    131,
                    132
                ],
                [
                    131,
                    134
                ],
                [
                    134,
                    -134
                ],
                [
                    134,
                    -106
                ],
                [
                    165,
                    -165
                ],
                [
                    165,
                    -157
                ],
                [
                    172,
                    173
                ],
                [
                    172,
                    174
                ],
                [
                    174,
                    175
                ],
                [
                    174,
                    177
                ],
                [
                    181,
                    182
                ],
                [
                    181,
                    185
                ],
                [
                    185,
                    -185
                ],
                [
                    185,
                    186
                ],
                [
                    193,
                    194
                ],
                [
                    193,
                    196
                ],
                [
                    200,
                    201
                ],
                [
                    200,
                    202
                ],
                [
                    202,
                    203
                ],
                [
                    202,
                    204
                ],
                [
                    204,
                    205
                ],
                [
                    204,
                    206
                ],
                [
                    206,
                    207
                ],
                [
                    206,
                    209
                ],
                [
                    213,
                    214
                ],
                [
                    213,
                    216
                ],
                [
                    232,
                    233
                ],
                [
                    232,
                    242
                ],
                [
                    233,
                    234
                ],
                [
                    233,
                    236
                ],
                [
                    236,
                    237
                ],
                [
                    236,
                    240
                ],
                [
                    254,
                    255
                ],
                [
                    254,
                    258
                ]
            ]
        },
        "src\\CalSciPy\\io_tools.py": {
            "executed_lines": [
                1,
                2,
                3,
                4,
                6,
                7,
                8,
                9,
                10,
                12,
                15,
                20,
                21,
                22,
                41,
                42,
                43,
                44,
                45,
                46,
                47,
                51,
                52,
                54,
                55,
                57,
                59,
                60,
                63,
                64,
                65,
                68,
                69,
                70,
                78,
                79,
                81,
                84,
                85,
                86,
                102,
                103,
                106,
                107,
                110,
                111,
                114,
                117,
                118,
                119,
                133,
                134,
                136,
                137,
                138,
                139,
                141,
                142,
                145,
                146,
                147,
                154,
                157,
                158,
                165,
                166,
                168,
                169,
                171,
                172,
                174,
                177,
                178,
                179,
                188,
                189,
                190,
                193,
                194,
                195,
                196,
                197,
                200,
                201,
                202,
                210,
                211,
                212,
                213,
                214,
                216,
                217,
                218,
                219,
                220,
                221,
                222,
                223,
                224,
                225,
                228,
                229,
                241,
                256,
                257,
                258,
                259,
                261,
                262,
                263,
                265,
                267,
                268,
                270,
                271,
                273,
                275,
                276,
                277,
                278,
                279,
                281,
                283,
                285,
                287,
                288,
                290,
                291,
                293,
                294
            ],
            "summary": {
                "covered_lines": 129,
                "num_statements": 129,
                "percent_covered": 99.40828402366864,
                "percent_covered_display": "99",
                "missing_lines": 0,
                "excluded_lines": 0,
                "num_branches": 40,
                "num_partial_branches": 1,
                "covered_branches": 39,
                "missing_branches": 1
            },
            "missing_lines": [],
            "excluded_lines": [],
            "executed_branches": [
                [
                    41,
                    42
                ],
                [
                    41,
                    51
                ],
                [
                    54,
                    55
                ],
                [
                    54,
                    57
                ],
                [
                    59,
                    60
                ],
                [
                    59,
                    63
                ],
                [
                    78,
                    79
                ],
                [
                    78,
                    81
                ],
                [
                    102,
                    103
                ],
                [
                    102,
                    106
                ],
                [
                    133,
                    134
                ],
                [
                    133,
                    136
                ],
                [
                    137,
                    138
                ],
                [
                    137,
                    141
                ],
                [
                    166,
                    -166
                ],
                [
                    166,
                    166
                ],
                [
                    166,
                    168
                ],
                [
                    168,
                    169
                ],
                [
                    168,
                    171
                ],
                [
                    171,
                    172
                ],
                [
                    171,
                    174
                ],
                [
                    188,
                    189
                ],
                [
                    188,
                    193
                ],
                [
                    194,
                    195
                ],
                [
                    194,
                    196
                ],
                [
                    217,
                    218
                ],
                [
                    217,
                    223
                ],
                [
                    261,
                    262
                ],
                [
                    261,
                    265
                ],
                [
                    270,
                    271
                ],
                [
                    270,
                    273
                ],
                [
                    277,
                    278
                ],
                [
                    277,
                    279
                ],
                [
                    285,
                    -285
                ],
                [
                    285,
                    285
                ],
                [
                    285,
                    287
                ],
                [
                    287,
                    288
                ],
                [
                    287,
                    290
                ],
                [
                    290,
                    291
                ],
                [
                    290,
                    293
                ],
                [
                    293,
                    -281
                ],
                [
                    293,
                    294
                ]
            ],
            "missing_branches": [
                [
                    217,
                    225
                ]
            ]
        },
        "src\\CalSciPy\\misc.py": {
            "executed_lines": [
                1,
                2,
                3,
                4,
                5,
                6,
                7,
                8,
                9,
                12,
                13,
                18,
                20,
                22,
                24,
                27,
                45,
                56,
                57,
                60,
                69,
                70,
                71,
                72,
                73,
                74,
                76,
                78,
                79,
                82,
                83,
                85,
                86,
                87,
                88,
                89,
                91,
                93,
                94,
                95,
                96,
                97,
                99,
                101,
                104,
                152,
                165,
                167,
                168,
                170,
                171,
                173,
                176,
                193,
                194,
                204,
                205,
                207,
                208,
                210,
                211,
                213,
                220,
                221,
                222,
                223,
                226,
                238
            ],
            "summary": {
                "covered_lines": 68,
                "num_statements": 128,
                "percent_covered": 50.0,
                "percent_covered_display": "50",
                "missing_lines": 60,
                "excluded_lines": 0,
                "num_branches": 52,
                "num_partial_branches": 0,
                "covered_branches": 22,
                "missing_branches": 30
            },
            "missing_lines": [
                14,
                15,
                39,
                40,
                42,
                113,
                114,
                115,
                116,
                117,
                118,
                120,
                122,
                123,
                126,
                127,
                130,
                131,
                133,
                134,
                135,
                136,
                137,
                139,
                141,
                142,
                143,
                144,
                145,
                147,
                149,
                183,
                184,
                185,
                186,
                187,
                188,
                189,
                190,
                227,
                228,
                229,
                230,
                235,
                240,
                241,
                243,
                244,
                246,
                247,
                248,
                249,
                250,
                252,
                254,
                255,
                256,
                257,
                259,
                260
            ],
            "excluded_lines": [],
            "executed_branches": [
                [
                    69,
                    70
                ],
                [
                    69,
                    71
                ],
                [
                    71,
                    72
                ],
                [
                    71,
                    73
                ],
                [
                    73,
                    74
                ],
                [
                    73,
                    76
                ],
                [
                    82,
                    83
                ],
                [
                    82,
                    85
                ],
                [
                    88,
                    85
                ],
                [
                    88,
                    89
                ],
                [
                    94,
                    95
                ],
                [
                    94,
                    96
                ],
                [
                    96,
                    97
                ],
                [
                    96,
                    99
                ],
                [
                    167,
                    168
                ],
                [
                    167,
                    170
                ],
                [
                    170,
                    171
                ],
                [
                    170,
                    173
                ],
                [
                    220,
                    221
                ],
                [
                    220,
                    223
                ],
                [
                    221,
                    220
                ],
                [
                    221,
                    222
                ]
            ],
            "missing_branches": [
                [
                    39,
                    40
                ],
                [
                    39,
                    42
                ],
                [
                    113,
                    114
                ],
                [
                    113,
                    115
                ],
                [
                    115,
                    116
                ],
                [
                    115,
                    117
                ],
                [
                    117,
                    118
                ],
                [
                    117,
                    120
                ],
                [
                    126,
                    127
                ],
                [
                    126,
                    130
                ],
                [
                    130,
                    131
                ],
                [
                    130,
                    133
                ],
                [
                    136,
                    133
                ],
                [
                    136,
                    137
                ],
                [
                    142,
                    143
                ],
                [
                    142,
                    144
                ],
                [
                    144,
                    145
                ],
                [
                    144,
                    147
                ],
                [
                    186,
                    187
                ],
                [
                    186,
                    188
                ],
                [
                    230,
                    -230
                ],
                [
                    230,
                    235
                ],
                [
                    243,
                    244
                ],
                [
                    243,
                    246
                ],
                [
                    249,
                    246
                ],
                [
                    249,
                    250
                ],
                [
                    254,
                    255
                ],
                [
                    254,
                    256
                ],
                [
                    256,
                    257
                ],
                [
                    256,
                    259
                ]
            ]
        },
        "src\\CalSciPy\\reorganization.py": {
            "executed_lines": [
                1,
                2,
                3,
                4,
                7,
                16,
                17,
                18,
                19,
                22,
                23,
                24,
                25,
                28,
                29,
                30,
                38,
                41,
                42,
                50,
                53,
                64,
                69,
                72,
                83,
                84
            ],
            "summary": {
                "covered_lines": 26,
                "num_statements": 31,
                "percent_covered": 77.77777777777777,
                "percent_covered_display": "78",
                "missing_lines": 5,
                "excluded_lines": 0,
                "num_branches": 14,
                "num_partial_branches": 1,
                "covered_branches": 9,
                "missing_branches": 5
            },
            "missing_lines": [
                65,
                85,
                88,
                89,
                91
            ],
            "excluded_lines": [],
            "executed_branches": [
                [
                    16,
                    17
                ],
                [
                    16,
                    18
                ],
                [
                    17,
                    -17
                ],
                [
                    17,
                    -7
                ],
                [
                    17,
                    17
                ],
                [
                    17,
                    18
                ],
                [
                    22,
                    23
                ],
                [
                    22,
                    25
                ],
                [
                    23,
                    22
                ],
                [
                    23,
                    24
                ],
                [
                    64,
                    69
                ]
            ],
            "missing_branches": [
                [
                    64,
                    65
                ],
                [
                    65,
                    -65
                ],
                [
                    65,
                    -53
                ],
                [
                    88,
                    89
                ],
                [
                    88,
                    91
                ]
            ]
        },
        "src\\CalSciPy\\trace_processing.py": {
            "executed_lines": [
                1,
                2,
                4,
                5,
                6,
                7,
                8,
                9,
                12,
                19,
                20,
                25,
                86,
                100,
                112,
                115,
                123,
                124,
                126,
                127,
                129,
                131,
                132,
                133,
                134,
                137,
                183,
                234,
                235
            ],
            "summary": {
                "covered_lines": 29,
                "num_statements": 85,
                "percent_covered": 29.05982905982906,
                "percent_covered_display": "29",
                "missing_lines": 56,
                "excluded_lines": 0,
                "num_branches": 32,
                "num_partial_branches": 1,
                "covered_branches": 5,
                "missing_branches": 27
            },
            "missing_lines": [
                22,
                42,
                43,
                45,
                47,
                49,
                50,
                51,
                55,
                56,
                57,
                60,
                61,
                62,
                63,
                66,
                68,
                69,
                71,
                73,
                76,
                78,
                81,
                83,
                92,
                93,
                94,
                95,
                96,
                97,
                165,
                166,
                167,
                169,
                170,
                172,
                174,
                175,
                177,
                178,
                180,
                212,
                213,
                215,
                217,
                220,
                222,
                223,
                224,
                225,
                226,
                227,
                228,
                229,
                231,
                243
            ],
            "excluded_lines": [],
            "executed_branches": [
                [
                    19,
                    20
                ],
                [
                    126,
                    127
                ],
                [
                    126,
                    129
                ],
                [
                    131,
                    132
                ],
                [
                    131,
                    134
                ]
            ],
            "missing_branches": [
                [
                    19,
                    22
                ],
                [
                    42,
                    43
                ],
                [
                    42,
                    45
                ],
                [
                    56,
                    57
                ],
                [
                    56,
                    60
                ],
                [
                    61,
                    62
                ],
                [
                    61,
                    66
                ],
                [
                    68,
                    69
                ],
                [
                    68,
                    83
                ],
                [
                    69,
                    71
                ],
                [
                    69,
                    76
                ],
                [
                    93,
                    94
                ],
                [
                    93,
                    95
                ],
                [
                    95,
                    96
                ],
                [
                    95,
                    97
                ],
                [
                    169,
                    170
                ],
                [
                    169,
                    172
                ],
                [
                    174,
                    175
                ],
                [
                    174,
                    177
                ],
                [
                    177,
                    178
                ],
                [
                    177,
                    180
                ],
                [
                    212,
                    213
                ],
                [
                    212,
                    215
                ],
                [
                    222,
                    223
                ],
                [
                    222,
                    231
                ],
                [
                    225,
                    226
                ],
                [
                    225,
                    227
                ]
            ]
        },
        "src\\CalSciPy\\version.py": {
            "executed_lines": [
                1,
                4,
                9,
                11,
                12,
                13,
                14
            ],
            "summary": {
                "covered_lines": 7,
                "num_statements": 7,
                "percent_covered": 100.0,
                "percent_covered_display": "100",
                "missing_lines": 0,
                "excluded_lines": 0,
                "num_branches": 0,
                "num_partial_branches": 0,
                "covered_branches": 0,
                "missing_branches": 0
            },
            "missing_lines": [],
            "excluded_lines": [],
            "executed_branches": [],
            "missing_branches": []
        }
    },
    "totals": {
        "covered_lines": 633,
        "num_statements": 1243,
        "percent_covered": 45.101553166069294,
        "percent_covered_display": "45",
        "missing_lines": 610,
        "excluded_lines": 0,
        "num_branches": 431,
        "num_partial_branches": 8,
        "covered_branches": 122,
        "missing_branches": 309
    }
}